
*** Running vivado
    with args -log debounce_counter_top.vdi -applog -m64 -product Vivado -messageDb vivado.pb -mode batch -source debounce_counter_top.tcl -notrace



****** Vivado v2025.2 (64-bit)
  **** SW Build 6299465 on Fri Nov 14 19:35:11 GMT 2025
  **** IP Build 6300035 on Fri Nov 14 10:48:45 MST 2025
  **** SharedData Build 6298862 on Thu Nov 13 04:50:51 MST 2025
  **** Start of session at: Wed Apr  8 17:13:00 2026
    ** Copyright 1986-2022 Xilinx, Inc. All Rights Reserved.
    ** Copyright 2022-2025 Advanced Micro Devices, Inc. All Rights Reserved.

source debounce_counter_top.tcl -notrace
create_project: Time (s): cpu = 00:00:13 ; elapsed = 00:00:09 . Memory (MB): peak = 560.641 ; gain = 255.367
Command: link_design -top debounce_counter_top -part xc7a50ticsg324-1L
Design is defaulting to srcset: sources_1
Design is defaulting to constrset: constrs_1
INFO: [Device 21-403] Loading part xc7a50ticsg324-1L
Netlist sorting complete. Time (s): cpu = 00:00:00 ; elapsed = 00:00:00.001 . Memory (MB): peak = 766.129 ; gain = 0.000
INFO: [Project 1-479] Netlist was created with Vivado 2025.2
INFO: [Project 1-570] Preparing netlist for logic optimization
Read ShapeDB Complete: Time (s): cpu = 00:00:00 ; elapsed = 00:00:00.002 . Memory (MB): peak = 851.445 ; gain = 0.066
CRITICAL WARNING: [Project 1-486] Could not resolve non-primitive black box cell 'clk_en' instantiated as 'debounce_0/clock_0' [C:/Users/270925/Desktop/DE1/digi_safe/digi_safe.srcs/sources_1/imports/new/debounce.vhd:46]
CRITICAL WARNING: [Project 1-486] Could not resolve non-primitive black box cell 'clk_en__parameterized0' instantiated as 'display_0/clock_0' [C:/Users/270925/Desktop/DE1/digi_safe/digi_safe.srcs/sources_1/imports/DE1/display/display.srcs/sources_1/new/display_driver.vhd:54]
Netlist sorting complete. Time (s): cpu = 00:00:00 ; elapsed = 00:00:00 . Memory (MB): peak = 852.020 ; gain = 0.000
INFO: [Project 1-111] Unisim Transformation Summary:
No Unisim elements were transformed.

4 Infos, 0 Warnings, 2 Critical Warnings and 0 Errors encountered.
link_design completed successfully
Command: opt_design
Attempting to get a license for feature 'Implementation' and/or device 'xc7a50ti'
INFO: [Common 17-349] Got license for feature 'Implementation' and/or device 'xc7a50ti'
Running DRC as a precondition to command opt_design

Starting DRC Task
INFO: [DRC 23-27] Running DRC with 2 threads
ERROR: [DRC INBB-3] Black Box Instances: Cell 'debounce_0/clock_0' of type 'clk_en' has undefined contents and is considered a black box.  The contents of this cell must be defined for opt_design to complete successfully.
ERROR: [DRC INBB-3] Black Box Instances: Cell 'display_0/clock_0' of type 'clk_en__parameterized0' has undefined contents and is considered a black box.  The contents of this cell must be defined for opt_design to complete successfully.
INFO: [Project 1-461] DRC finished with 2 Errors
INFO: [Project 1-462] Please refer to the DRC report (report_drc) for more information.
ERROR: [Vivado_Tcl 4-78] Error(s) found during DRC. Opt_design not run.

Time (s): cpu = 00:00:00 ; elapsed = 00:00:00.559 . Memory (MB): peak = 906.527 ; gain = 25.605
INFO: [Common 17-83] Releasing license: Implementation
9 Infos, 0 Warnings, 2 Critical Warnings and 3 Errors encountered.
opt_design failed
ERROR: [Common 17-39] 'opt_design' failed due to earlier errors.

INFO: [Common 17-206] Exiting Vivado at Wed Apr  8 17:13:18 2026...
